{"/home/fred/Dropbox/Courses/CSC591/TestAnalysis/test.js":{"path":"/home/fred/Dropbox/Courses/CSC591/TestAnalysis/test.js","s":{"1":1,"2":1,"3":1},"b":{},"f":{},"fnMap":{},"statementMap":{"1":{"start":{"line":1,"column":0},"end":{"line":1,"column":37}},"2":{"start":{"line":2,"column":0},"end":{"line":2,"column":30}},"3":{"start":{"line":3,"column":0},"end":{"line":3,"column":26}}},"branchMap":{}},"/home/fred/Dropbox/Courses/CSC591/TestAnalysis/subject.js":{"path":"/home/fred/Dropbox/Courses/CSC591/TestAnalysis/subject.js","s":{"1":1,"2":1,"3":1,"4":0,"5":1,"6":0,"7":1,"8":0,"9":1,"10":1},"b":{"1":[0,1],"2":[0,1],"3":[0,1]},"f":{"1":1},"fnMap":{"1":{"name":"getPositve","line":3,"loc":{"start":{"line":3,"column":0},"end":{"line":3,"column":25}}}},"statementMap":{"1":{"start":{"line":1,"column":0},"end":{"line":1,"column":23}},"2":{"start":{"line":3,"column":0},"end":{"line":15,"column":1}},"3":{"start":{"line":4,"column":4},"end":{"line":4,"column":22}},"4":{"start":{"line":4,"column":17},"end":{"line":4,"column":22}},"5":{"start":{"line":6,"column":4},"end":{"line":9,"column":5}},"6":{"start":{"line":8,"column":8},"end":{"line":8,"column":14}},"7":{"start":{"line":11,"column":4},"end":{"line":13,"column":5}},"8":{"start":{"line":12,"column":8},"end":{"line":12,"column":20}},"9":{"start":{"line":14,"column":4},"end":{"line":14,"column":19}},"10":{"start":{"line":17,"column":0},"end":{"line":17,"column":32}}},"branchMap":{"1":{"line":4,"type":"if","locations":[{"start":{"line":4,"column":4},"end":{"line":4,"column":4}},{"start":{"line":4,"column":4},"end":{"line":4,"column":4}}]},"2":{"line":6,"type":"if","locations":[{"start":{"line":6,"column":4},"end":{"line":6,"column":4}},{"start":{"line":6,"column":4},"end":{"line":6,"column":4}}]},"3":{"line":11,"type":"if","locations":[{"start":{"line":11,"column":4},"end":{"line":11,"column":4}},{"start":{"line":11,"column":4},"end":{"line":11,"column":4}}]}}}}